[14:42:38] [Server thread/INFO]: Starting minecraft server version 1.11.2
[14:42:38] [Server thread/INFO]: Loading properties
[14:42:38] [Server thread/INFO]: Default game type: SURVIVAL
[14:42:38] [Server thread/INFO]: Generating keypair
[14:42:38] [Server thread/INFO]: Starting Minecraft server on *:25565
[14:42:38] [Server thread/INFO]: Using default channel type
[14:42:38] [Server thread/WARN]: **** SERVER IS RUNNING IN OFFLINE/INSECURE MODE!
[14:42:38] [Server thread/WARN]: The server will make no attempt to authenticate usernames. Beware.
[14:42:38] [Server thread/WARN]: While this makes the game possible to play without internet access, it also opens up the ability for hackers to connect with any username they choose.
[14:42:38] [Server thread/WARN]: To change this, set "online-mode" to "true" in the server.properties file.
[14:42:38] [Server thread/INFO]: Preparing level "world"
[14:42:39] [Server thread/INFO]: Preparing start region for level 0
[14:42:40] [Server thread/INFO]: Preparing spawn area: 29%
[14:42:41] [Server thread/INFO]: Preparing spawn area: 81%
[14:42:41] [Server thread/INFO]: Done (2,463s)! For help, type "help" or "?"
[14:42:47] [Server thread/INFO]: Rogal124[/127.0.0.1:60474] logged in with entity id 148 at (252.5, 66.0, 230.5)
[14:42:47] [Server thread/INFO]: Rogal124 joined the game
[14:42:52] [Server thread/WARN]: Can't keep up! Did the system time change, or is the server overloaded? Running 5139ms behind, skipping 102 tick(s)
[14:42:52] [Server thread/INFO]: Rogal124 has just earned the achievement [Taking Inventory]
[14:43:26] [Server thread/INFO]: <Rogal124> XD
[14:44:17] [Server thread/WARN]: Can't keep up! Did the system time change, or is the server overloaded? Running 2551ms behind, skipping 51 tick(s)
[14:44:46] [Server thread/INFO]: Rogal124 has just earned the achievement [Getting Wood]
[14:44:57] [Server thread/WARN]: Can't keep up! Did the system time change, or is the server overloaded? Running 3872ms behind, skipping 77 tick(s)
[14:45:21] [Server thread/WARN]: Can't keep up! Did the system time change, or is the server overloaded? Running 12534ms behind, skipping 250 tick(s)
[14:45:38] [Server thread/INFO]: Rogal124 lost connection: TextComponent{text='Disconnected', siblings=[], style=Style{hasParent=false, color=null, bold=null, italic=null, underlined=null, obfuscated=null, clickEvent=null, hoverEvent=null, insertion=null}}
[14:45:38] [Server thread/INFO]: Rogal124 left the game
[14:45:39] [Server thread/WARN]: Can't keep up! Did the system time change, or is the server overloaded? Running 3062ms behind, skipping 61 tick(s)
[14:45:48] [Server thread/INFO]: Stopping the server
[14:45:48] [Server thread/INFO]: Stopping server
[14:45:48] [Server thread/INFO]: Saving players
[14:45:48] [Server thread/INFO]: Saving worlds
[14:45:48] [Server thread/INFO]: Saving chunks for level 'world'/Overworld
[14:45:48] [Server thread/INFO]: Saving chunks for level 'world'/Nether
[14:45:48] [Server thread/INFO]: Saving chunks for level 'world'/The End
[14:45:48] [Server Shutdown Thread/INFO]: Stopping server
